<?xml version="1.0" encoding="UTF-8" ?><testsuite errors="0" name="jasmine.specs" tests="4" failures="2" skipped="0" hostname="localhost" time="0.0" timestamp="2012-01-17T17:50:06"><testcase classname="jasmine" name="Basic Assumptions has ExtJS4 loaded" time="0.0" failure="false"/><testcase classname="jasmine" name="Basic Assumptions has loaded AM code" time="0.0" failure="false"/><testcase classname="jasmine" name="Users should have users" time="0.0" failure="true"><error type="expect.undefined" message="TypeError: Cannot call method &quot;getController&quot; of null in file:/C:/apps/apache-tomcat-7.0.14/webapps/simple/target/jasmine/spec/specs/users.js (line 6)TypeError: Cannot call method &quot;getCount&quot; of null in file:/C:/apps/apache-tomcat-7.0.14/webapps/simple/target/jasmine/spec/specs/users.js (line 23)">TypeError: Cannot call method &quot;getController&quot; of null in file:/C:/apps/apache-tomcat-7.0.14/webapps/simple/target/jasmine/spec/specs/users.js (line 6)TypeError: Cannot call method &quot;getCount&quot; of null in file:/C:/apps/apache-tomcat-7.0.14/webapps/simple/target/jasmine/spec/specs/users.js (line 23)</error></testcase><testcase classname="jasmine" name="Users should open the editor window" time="0.0" failure="true"><error type="expect.undefined" message="TypeError: Cannot call method &quot;getController&quot; of null in file:/C:/apps/apache-tomcat-7.0.14/webapps/simple/target/jasmine/spec/specs/users.js (line 6)TypeError: Cannot call method &quot;editUser&quot; of null in file:/C:/apps/apache-tomcat-7.0.14/webapps/simple/target/jasmine/spec/specs/users.js (line 29)">TypeError: Cannot call method &quot;getController&quot; of null in file:/C:/apps/apache-tomcat-7.0.14/webapps/simple/target/jasmine/spec/specs/users.js (line 6)TypeError: Cannot call method &quot;editUser&quot; of null in file:/C:/apps/apache-tomcat-7.0.14/webapps/simple/target/jasmine/spec/specs/users.js (line 29)</error></testcase></testsuite>